<?xml version="1.0" encoding="UTF-8"?>
<testng-results ignored="0" total="1" passed="1" failed="0" skipped="0">
  <reporter-output>
  </reporter-output>
  <suite started-at="2025-01-23T16:42:48 IST" name="Default suite" finished-at="2025-01-23T16:42:53 IST" duration-ms="5634">
    <groups>
    </groups>
    <test started-at="2025-01-23T16:42:48 IST" name="Default test" finished-at="2025-01-23T16:42:53 IST" duration-ms="5634">
      <class name="com.allencbt.qa.test.Login">
        <test-method is-config="true" signature="loadConfig()[pri:0, instance:com.allencbt.qa.test.Login@76f2bbc1]" started-at="2025-01-23T16:42:48 IST" name="loadConfig" finished-at="2025-01-23T16:42:48 IST" duration-ms="16" status="PASS">
          <reporter-output>
          </reporter-output>
        </test-method> <!-- loadConfig -->
        <test-method is-config="true" signature="setup()[pri:0, instance:com.allencbt.qa.test.Login@76f2bbc1]" started-at="2025-01-23T16:42:48 IST" name="setup" finished-at="2025-01-23T16:42:51 IST" duration-ms="2790" status="PASS">
          <reporter-output>
          </reporter-output>
        </test-method> <!-- setup -->
        <test-method signature="login1()[pri:0, instance:com.allencbt.qa.test.Login@76f2bbc1]" started-at="2025-01-23T16:42:51 IST" name="login1" finished-at="2025-01-23T16:42:53 IST" duration-ms="2600" status="PASS">
          <reporter-output>
          </reporter-output>
        </test-method> <!-- login1 -->
        <test-method is-config="true" signature="tearDown()[pri:0, instance:com.allencbt.qa.test.Login@76f2bbc1]" started-at="2025-01-23T16:42:53 IST" name="tearDown" finished-at="2025-01-23T16:42:53 IST" duration-ms="192" status="PASS">
          <reporter-output>
          </reporter-output>
        </test-method> <!-- tearDown -->
      </class> <!-- com.allencbt.qa.test.Login -->
    </test> <!-- Default test -->
  </suite> <!-- Default suite -->
</testng-results>
