<?xml version="1.0" encoding="UTF-8"?>
<testng-results ignored="0" total="1" passed="1" failed="0" skipped="0">
  <reporter-output>
  </reporter-output>
  <suite started-at="2024-12-26T17:46:36 IST" name="Suite" finished-at="2024-12-26T17:46:53 IST" duration-ms="17119">
    <groups>
    </groups>
    <test started-at="2024-12-26T17:46:36 IST" name="Test" finished-at="2024-12-26T17:46:53 IST" duration-ms="17119">
      <class name="com.zepto.tests.SetTheLocation">
        <test-method is-config="true" signature="setup(java.lang.String)[pri:0, instance:com.zepto.tests.SetTheLocation@37f1104d]" started-at="2024-12-26T17:46:36 IST" name="setup" finished-at="2024-12-26T17:46:40 IST" duration-ms="3955" status="PASS">
          <params>
            <param index="0">
              <value>
                <![CDATA[chrome]]>
              </value>
            </param>
          </params>
          <reporter-output>
          </reporter-output>
        </test-method> <!-- setup -->
        <test-method signature="testGetLocationButtonText()[pri:0, instance:com.zepto.tests.SetTheLocation@37f1104d]" started-at="2024-12-26T17:46:40 IST" name="testGetLocationButtonText" finished-at="2024-12-26T17:46:53 IST" duration-ms="13125" status="PASS">
          <reporter-output>
          </reporter-output>
        </test-method> <!-- testGetLocationButtonText -->
      </class> <!-- com.zepto.tests.SetTheLocation -->
    </test> <!-- Test -->
  </suite> <!-- Suite -->
</testng-results>
