<?xml version="1.0" encoding="UTF-8"?>
<!-- Generated by org.testng.reporters.JUnitXMLReporter -->
<testsuite ignored="3" hostname="DESKTOP-UB7KQ0Q" failures="0" tests="1" name="Default test" time="10.693" errors="0" timestamp="2024-09-06T14:31:34 IST">
  <testcase classname="com.automation.qa.test.Login" name="registerUserWithExistingEmail" time="4.535"/>
  <testcase classname="com.automation.qa.test.Login" name="loggout" time="0.0">
    <ignored/>
  </testcase> <!-- loggout -->
  <testcase classname="com.automation.qa.test.Login" name="loginUserWithIncorrectEmailandPassword" time="0.0">
    <ignored/>
  </testcase> <!-- loginUserWithIncorrectEmailandPassword -->
  <testcase classname="com.automation.qa.test.Login" name="loginUserWithCorrectEmailandPassword" time="0.0">
    <ignored/>
  </testcase> <!-- loginUserWithCorrectEmailandPassword -->
</testsuite> <!-- Default test -->
