<?xml version="1.0" encoding="UTF-8"?>
<!-- Generated by org.testng.reporters.JUnitXMLReporter -->
<testsuite ignored="0" hostname="DESKTOP-UB7KQ0Q" failures="0" tests="3" name="Default test" time="64.055" errors="0" timestamp="2024-09-26T11:38:42 IST">
  <testcase classname="com.automation.qa.test.LoginAndLogout" name="loginUserWithCorrectEmailandPassword" time="16.265"/>
  <testcase classname="com.automation.qa.test.LoginAndLogout" name="loginUserWithIncorrectEmailandPassword" time="6.234"/>
  <testcase classname="com.automation.qa.test.LoginAndLogout" name="loggout" time="6.844"/>
</testsuite> <!-- Default test -->
